<<<<<<< HEAD
<<<<<<< HEAD
<<<<<<< HEAD
﻿  stdafx.cpp
  C++_FinalProj_NavyStrike_CIS150.cpp
c:\users\eenglish13820\documents\github\navy-strike\c++_finalproj_navystrike_cis150\c++_finalproj_navystrike_cis150.cpp(10): warning C4603: '_WIN32_WINNT': macro is not defined or definition is different after precompiled header use
  c:\users\eenglish13820\documents\github\navy-strike\c++_finalproj_navystrike_cis150\c++_finalproj_navystrike_cis150.cpp(10): note: Add macro to precompiled header instead of defining here
  c:\users\eenglish13820\documents\github\navy-strike\c++_finalproj_navystrike_cis150\c++_finalproj_navystrike_cis150.cpp(12): note: use of precompiled header
c:\users\eenglish13820\documents\github\navy-strike\c++_finalproj_navystrike_cis150\c++_finalproj_navystrike_cis150.cpp(121): warning C4101: 'players': unreferenced local variable
c:\users\eenglish13820\documents\github\navy-strike\c++_finalproj_navystrike_cis150\c++_finalproj_navystrike_cis150.cpp(2882): warning C4129: 'V': unrecognized character escape sequence
c:\users\eenglish13820\documents\github\navy-strike\c++_finalproj_navystrike_cis150\c++_finalproj_navystrike_cis150.cpp(2957): error C2660: 'shipHPCounter': function does not take 2 arguments
c:\users\eenglish13820\documents\github\navy-strike\c++_finalproj_navystrike_cis150\c++_finalproj_navystrike_cis150.cpp(3022): warning C4244: 'argument': conversion from 'time_t' to 'unsigned int', possible loss of data
c:\users\eenglish13820\documents\github\navy-strike\c++_finalproj_navystrike_cis150\c++_finalproj_navystrike_cis150.cpp(3191): error C2059: syntax error: '<<'
c:\users\eenglish13820\documents\github\navy-strike\c++_finalproj_navystrike_cis150\c++_finalproj_navystrike_cis150.cpp(3193): error C2143: syntax error: missing ';' before '{'
c:\users\eenglish13820\documents\github\navy-strike\c++_finalproj_navystrike_cis150\c++_finalproj_navystrike_cis150.cpp(3194): error C2660: 'displayMiss': function does not take 1 arguments
c:\users\eenglish13820\documents\github\navy-strike\c++_finalproj_navystrike_cis150\c++_finalproj_navystrike_cis150.cpp(3196): error C2059: syntax error: '=='
c:\users\eenglish13820\documents\github\navy-strike\c++_finalproj_navystrike_cis150\c++_finalproj_navystrike_cis150.cpp(3198): error C2143: syntax error: missing ';' before '{'
c:\users\eenglish13820\documents\github\navy-strike\c++_finalproj_navystrike_cis150\c++_finalproj_navystrike_cis150.cpp(3201): error C2059: syntax error: '>>'
c:\users\eenglish13820\documents\github\navy-strike\c++_finalproj_navystrike_cis150\c++_finalproj_navystrike_cis150.cpp(3206): error C2059: syntax error: '<<'
c:\users\eenglish13820\documents\github\navy-strike\c++_finalproj_navystrike_cis150\c++_finalproj_navystrike_cis150.cpp(3209): error C2059: syntax error: '=='
c:\users\eenglish13820\documents\github\navy-strike\c++_finalproj_navystrike_cis150\c++_finalproj_navystrike_cis150.cpp(3212): error C2059: syntax error: '>>'
c:\users\eenglish13820\documents\github\navy-strike\c++_finalproj_navystrike_cis150\c++_finalproj_navystrike_cis150.cpp(3234): error C2181: illegal else without matching if
c:\users\eenglish13820\documents\github\navy-strike\c++_finalproj_navystrike_cis150\c++_finalproj_navystrike_cis150.cpp(3538): error C2601: 'firstCoordOne': local function definitions are illegal
  c:\users\eenglish13820\documents\github\navy-strike\c++_finalproj_navystrike_cis150\c++_finalproj_navystrike_cis150.cpp(3021): note: this line contains a '{' which has not yet been matched
c:\users\eenglish13820\documents\github\navy-strike\c++_finalproj_navystrike_cis150\c++_finalproj_navystrike_cis150.cpp(3627): error C2601: 'secCoordOne': local function definitions are illegal
  c:\users\eenglish13820\documents\github\navy-strike\c++_finalproj_navystrike_cis150\c++_finalproj_navystrike_cis150.cpp(3021): note: this line contains a '{' which has not yet been matched
c:\users\eenglish13820\documents\github\navy-strike\c++_finalproj_navystrike_cis150\c++_finalproj_navystrike_cis150.cpp(3669): error C2601: 'displayBlankOne': local function definitions are illegal
  c:\users\eenglish13820\documents\github\navy-strike\c++_finalproj_navystrike_cis150\c++_finalproj_navystrike_cis150.cpp(3021): note: this line contains a '{' which has not yet been matched
c:\users\eenglish13820\documents\github\navy-strike\c++_finalproj_navystrike_cis150\c++_finalproj_navystrike_cis150.cpp(3723): error C2601: 'firstCoordTwo': local function definitions are illegal
  c:\users\eenglish13820\documents\github\navy-strike\c++_finalproj_navystrike_cis150\c++_finalproj_navystrike_cis150.cpp(3021): note: this line contains a '{' which has not yet been matched
c:\users\eenglish13820\documents\github\navy-strike\c++_finalproj_navystrike_cis150\c++_finalproj_navystrike_cis150.cpp(3807): error C2601: 'secCoord': local function definitions are illegal
  c:\users\eenglish13820\documents\github\navy-strike\c++_finalproj_navystrike_cis150\c++_finalproj_navystrike_cis150.cpp(3021): note: this line contains a '{' which has not yet been matched
c:\users\eenglish13820\documents\github\navy-strike\c++_finalproj_navystrike_cis150\c++_finalproj_navystrike_cis150.cpp(3850): error C2601: 'displayBlankTwo': local function definitions are illegal
  c:\users\eenglish13820\documents\github\navy-strike\c++_finalproj_navystrike_cis150\c++_finalproj_navystrike_cis150.cpp(3021): note: this line contains a '{' which has not yet been matched
c:\users\eenglish13820\documents\github\navy-strike\c++_finalproj_navystrike_cis150\c++_finalproj_navystrike_cis150.cpp(3904): error C2601: 'setPos': local function definitions are illegal
  c:\users\eenglish13820\documents\github\navy-strike\c++_finalproj_navystrike_cis150\c++_finalproj_navystrike_cis150.cpp(3021): note: this line contains a '{' which has not yet been matched
c:\users\eenglish13820\documents\github\navy-strike\c++_finalproj_navystrike_cis150\c++_finalproj_navystrike_cis150.cpp(3956): error C2601: 'Options': local function definitions are illegal
  c:\users\eenglish13820\documents\github\navy-strike\c++_finalproj_navystrike_cis150\c++_finalproj_navystrike_cis150.cpp(3021): note: this line contains a '{' which has not yet been matched
c:\users\eenglish13820\documents\github\navy-strike\c++_finalproj_navystrike_cis150\c++_finalproj_navystrike_cis150.cpp(3021): fatal error C1075: the left brace '{' was unmatched at the end of the file
=======
=======
>>>>>>> parent of 60b35dd... Merge branch 'master' of https://github.com/CyborgDuck/navy-strike
﻿  C++_FinalProj_NavyStrike_CIS150.cpp
c:\users\eenglish13820\documents\github\navy-strike\c++_finalproj_navystrike_cis150\c++_finalproj_navystrike_cis150.cpp(8): warning C4603: '_WIN32_WINNT': macro is not defined or definition is different after precompiled header use
  c:\users\eenglish13820\documents\github\navy-strike\c++_finalproj_navystrike_cis150\c++_finalproj_navystrike_cis150.cpp(8): note: Add macro to precompiled header instead of defining here
  c:\users\eenglish13820\documents\github\navy-strike\c++_finalproj_navystrike_cis150\c++_finalproj_navystrike_cis150.cpp(10): note: use of precompiled header
c:\users\eenglish13820\documents\github\navy-strike\c++_finalproj_navystrike_cis150\c++_finalproj_navystrike_cis150.cpp(104): warning C4101: 'players': unreferenced local variable
c:\users\eenglish13820\documents\github\navy-strike\c++_finalproj_navystrike_cis150\c++_finalproj_navystrike_cis150.cpp(1874): warning C4129: 'V': unrecognized character escape sequence
c:\users\eenglish13820\documents\github\navy-strike\c++_finalproj_navystrike_cis150\c++_finalproj_navystrike_cis150.cpp(1925): warning C4244: 'argument': conversion from 'time_t' to 'unsigned int', possible loss of data
  C++_FinalProj_NavyStrike_CIS150.vcxproj -> C:\Users\eenglish13820\Documents\GitHub\navy-strike\x64\Debug\C++_FinalProj_NavyStrike_CIS150.exe
  C++_FinalProj_NavyStrike_CIS150.vcxproj -> C:\Users\eenglish13820\Documents\GitHub\navy-strike\x64\Debug\C++_FinalProj_NavyStrike_CIS150.pdb (Partial PDB)
<<<<<<< HEAD
>>>>>>> parent of f1c9178... counter to work
=======
>>>>>>> parent of 60b35dd... Merge branch 'master' of https://github.com/CyborgDuck/navy-strike
=======
﻿  LINK : C:\Users\tludwig33344\Documents\GitHub\navy-strike\x64\Debug\C++_FinalProj_NavyStrike_CIS150.exe not found or not built by the last incremental link; performing full link
  C++_FinalProj_NavyStrike_CIS150.vcxproj -> C:\Users\tludwig33344\Documents\GitHub\navy-strike\x64\Debug\C++_FinalProj_NavyStrike_CIS150.exe
  C++_FinalProj_NavyStrike_CIS150.vcxproj -> C:\Users\tludwig33344\Documents\GitHub\navy-strike\x64\Debug\C++_FinalProj_NavyStrike_CIS150.pdb (Partial PDB)
>>>>>>> parent of 7585f27... Bug fixes
